........................................................................ [ 39%]
........................................................................ [ 78%]
.......................................                                  [100%]
=============================== tests coverage ================================
_______________ coverage: platform win32, python 3.12.6-final-0 _______________

Name                          Stmts   Miss  Cover   Missing
-----------------------------------------------------------
audit_service.py                 54      0   100%
auth_service.py                  20      0   100%
authorization_service.py         44      0   100%
base64_cookie_service.py         51      1    98%   87
cookie_service.py                25      0   100%
database.py                      84      0   100%
encrypted_cookie_service.py      60      4    93%   38, 80, 89, 102
server_session_service.py       110      4    96%   144, 173, 210, 214
signed_cookie_service.py         58      5    91%   41-43, 46, 96
trace_service.py                 54      1    98%   118
-----------------------------------------------------------
TOTAL                           560     15    97%
183 passed in 70.28s (0:01:10)
