........................................................................ [ 31%]
........................................................................ [ 62%]
........................................................................ [ 93%]
..............                                                           [100%]
=============================== tests coverage ================================
_______________ coverage: platform win32, python 3.12.6-final-0 _______________

Name                    Stmts   Miss  Cover   Missing
-----------------------------------------------------
audit_service.py           12      0   100%
auth_service.py            29      0   100%
database.py                39      2    95%   55-56
error_service.py           21      0   100%
secure_queries.py          15      0   100%
trace_service.py           26      0   100%
validation.py              44      0   100%
vulnerable_queries.py      29      0   100%
-----------------------------------------------------
TOTAL                     215      2    99%
230 passed in 66.16s (0:01:06)
